<?xml version="1.0" encoding="UTF-8"?>
<testsuite xmlns:xsi="http://www.w3.org/2001/XMLSchema-instance" xsi:noNamespaceSchemaLocation="https://maven.apache.org/surefire/maven-surefire-plugin/xsd/surefire-test-report.xsd" name="TestSuite" time="10.32" tests="20" errors="0" skipped="0" failures="18">
  <properties>
[...]
</properties>
  <testcase name="test" classname="com.api.cases.RegisterCase" time="1.824">
    <failure message="expected [passed] but found [failed]" type="java.lang.AssertionError">java.lang.AssertionError: expected [passed] but found [failed]
	at com.api.cases.RegisterCase.test(RegisterCase.java:47)
</failure>
    <system-out><![CDATA[[ INFO ]2020-08-23 12:14:13.013 method: com.api.cases.BaseCase.init(BaseCase.java:29)-----  ===============================init======================================
[ INFO ]2020-08-23 12:14:13.013 method: com.api.cases.BaseCase.init(BaseCase.java:45)-----  AuthenticationUtils.VARS======================{${amount}=1000, ${adminLogin_mb}=13322222222, ${register_mb}=13355555555, ${register_pwd}=12345678, ${url}=api.lemonban.com}
sql语句为空
[ INFO ]2020-08-23 12:14:15.015 method: com.api.utils.HttpUtils.printResponse(HttpUtils.java:203)-----  headers :[Server: nginx/1.4.2, Date: Sun, 23 Aug 2020 04:14:16 GMT, Content-Type: application/json;charset=UTF-8, Transfer-Encoding: chunked, Connection: keep-alive]
[ INFO ]2020-08-23 12:14:15.015 method: com.api.utils.HttpUtils.printResponse(HttpUtils.java:207)-----  content-Type :[Content-Type: application/json;charset=UTF-8]
[ INFO ]2020-08-23 12:14:15.015 method: com.api.utils.HttpUtils.printResponse(HttpUtils.java:212)-----  body :{"code":1,"msg":"密码为空","data":null,"copyright":"Copyright 柠檬班 © 2017-2020 湖南省零檬信息技术有限公司 All Rights Reserved"}
[ INFO ]2020-08-23 12:14:15.015 method: com.api.utils.HttpUtils.printResponse(HttpUtils.java:215)-----  status :200
响应断言结果：false
sql语句为空
sql为空，不需要数据库断言
]]></system-out>
    <system-err><![CDATA[SLF4J: Failed to load class "org.slf4j.impl.StaticLoggerBinder".
SLF4J: Defaulting to no-operation (NOP) logger implementation
SLF4J: See http://www.slf4j.org/codes.html#StaticLoggerBinder for further details.
]]></system-err>
  </testcase>
  <testcase name="test" classname="com.api.cases.RegisterCase" time="0.1">
    <failure message="expected [passed] but found [failed]" type="java.lang.AssertionError">java.lang.AssertionError: expected [passed] but found [failed]
	at com.api.cases.RegisterCase.test(RegisterCase.java:47)
</failure>
    <system-out><![CDATA[sql语句为空
[ INFO ]2020-08-23 12:14:15.015 method: com.api.utils.HttpUtils.printResponse(HttpUtils.java:203)-----  headers :[Server: nginx/1.4.2, Date: Sun, 23 Aug 2020 04:14:16 GMT, Content-Type: application/json;charset=UTF-8, Transfer-Encoding: chunked, Connection: keep-alive]
[ INFO ]2020-08-23 12:14:15.015 method: com.api.utils.HttpUtils.printResponse(HttpUtils.java:207)-----  content-Type :[Content-Type: application/json;charset=UTF-8]
[ INFO ]2020-08-23 12:14:15.015 method: com.api.utils.HttpUtils.printResponse(HttpUtils.java:212)-----  body :{"code":1,"msg":"手机号为空","data":null,"copyright":"Copyright 柠檬班 © 2017-2020 湖南省零檬信息技术有限公司 All Rights Reserved"}
[ INFO ]2020-08-23 12:14:15.015 method: com.api.utils.HttpUtils.printResponse(HttpUtils.java:215)-----  status :200
响应断言结果：false
sql语句为空
sql为空，不需要数据库断言
]]></system-out>
  </testcase>
  <testcase name="test" classname="com.api.cases.RegisterCase" time="0.094">
    <failure message="expected [passed] but found [failed]" type="java.lang.AssertionError">java.lang.AssertionError: expected [passed] but found [failed]
	at com.api.cases.RegisterCase.test(RegisterCase.java:47)
</failure>
    <system-out><![CDATA[sql语句为空
[ INFO ]2020-08-23 12:14:16.016 method: com.api.utils.HttpUtils.printResponse(HttpUtils.java:203)-----  headers :[Server: nginx/1.4.2, Date: Sun, 23 Aug 2020 04:14:16 GMT, Content-Type: application/json;charset=UTF-8, Transfer-Encoding: chunked, Connection: keep-alive]
[ INFO ]2020-08-23 12:14:16.016 method: com.api.utils.HttpUtils.printResponse(HttpUtils.java:207)-----  content-Type :[Content-Type: application/json;charset=UTF-8]
[ INFO ]2020-08-23 12:14:16.016 method: com.api.utils.HttpUtils.printResponse(HttpUtils.java:212)-----  body :{"code":1,"msg":"密码为空","data":null,"copyright":"Copyright 柠檬班 © 2017-2020 湖南省零檬信息技术有限公司 All Rights Reserved"}
[ INFO ]2020-08-23 12:14:16.016 method: com.api.utils.HttpUtils.printResponse(HttpUtils.java:215)-----  status :200
响应断言结果：false
sql语句为空
sql为空，不需要数据库断言
]]></system-out>
  </testcase>
  <testcase name="test" classname="com.api.cases.RegisterCase" time="0.096">
    <failure message="expected [passed] but found [failed]" type="java.lang.AssertionError">java.lang.AssertionError: expected [passed] but found [failed]
	at com.api.cases.RegisterCase.test(RegisterCase.java:47)
</failure>
    <system-out><![CDATA[sql语句为空
[ INFO ]2020-08-23 12:14:16.016 method: com.api.utils.HttpUtils.printResponse(HttpUtils.java:203)-----  headers :[Server: nginx/1.4.2, Date: Sun, 23 Aug 2020 04:14:16 GMT, Content-Type: application/json;charset=UTF-8, Transfer-Encoding: chunked, Connection: keep-alive]
[ INFO ]2020-08-23 12:14:16.016 method: com.api.utils.HttpUtils.printResponse(HttpUtils.java:207)-----  content-Type :[Content-Type: application/json;charset=UTF-8]
[ INFO ]2020-08-23 12:14:16.016 method: com.api.utils.HttpUtils.printResponse(HttpUtils.java:212)-----  body :{"code":2,"msg":"密码格式为8到16位","data":null,"copyright":"Copyright 柠檬班 © 2017-2020 湖南省零檬信息技术有限公司 All Rights Reserved"}
[ INFO ]2020-08-23 12:14:16.016 method: com.api.utils.HttpUtils.printResponse(HttpUtils.java:215)-----  status :200
响应断言结果：false
sql语句为空
sql为空，不需要数据库断言
]]></system-out>
  </testcase>
  <testcase name="test" classname="com.api.cases.RegisterCase" time="1.884">
    <failure message="expected [passed] but found [failed]" type="java.lang.AssertionError">java.lang.AssertionError: expected [passed] but found [failed]
	at com.api.cases.RegisterCase.test(RegisterCase.java:47)
</failure>
    <system-out><![CDATA[1
[ INFO ]2020-08-23 12:14:17.017 method: com.api.utils.HttpUtils.printResponse(HttpUtils.java:203)-----  headers :[Server: nginx/1.4.2, Date: Sun, 23 Aug 2020 04:14:17 GMT, Content-Type: application/json;charset=UTF-8, Transfer-Encoding: chunked, Connection: keep-alive]
[ INFO ]2020-08-23 12:14:17.017 method: com.api.utils.HttpUtils.printResponse(HttpUtils.java:207)-----  content-Type :[Content-Type: application/json;charset=UTF-8]
[ INFO ]2020-08-23 12:14:17.017 method: com.api.utils.HttpUtils.printResponse(HttpUtils.java:212)-----  body :{"code":2,"msg":"账号已存在","data":null,"copyright":"Copyright 柠檬班 © 2017-2020 湖南省零檬信息技术有限公司 All Rights Reserved"}
[ INFO ]2020-08-23 12:14:17.017 method: com.api.utils.HttpUtils.printResponse(HttpUtils.java:215)-----  status :200
响应断言结果：false
1
l1=1,l2=1
数据库断言失败
]]></system-out>
  </testcase>
  <testcase name="test" classname="com.api.cases.RegisterCase" time="0.162">
    <failure message="expected [passed] but found [failed]" type="java.lang.AssertionError">java.lang.AssertionError: expected [passed] but found [failed]
	at com.api.cases.RegisterCase.test(RegisterCase.java:47)
</failure>
    <system-out><![CDATA[sql语句为空
[ INFO ]2020-08-23 12:14:18.018 method: com.api.utils.HttpUtils.printResponse(HttpUtils.java:203)-----  headers :[Server: nginx/1.4.2, Date: Sun, 23 Aug 2020 04:14:18 GMT, Content-Type: application/json;charset=UTF-8, Transfer-Encoding: chunked, Connection: keep-alive]
[ INFO ]2020-08-23 12:14:18.018 method: com.api.utils.HttpUtils.printResponse(HttpUtils.java:207)-----  content-Type :[Content-Type: application/json;charset=UTF-8]
[ INFO ]2020-08-23 12:14:18.018 method: com.api.utils.HttpUtils.printResponse(HttpUtils.java:212)-----  body :{"code":2,"msg":"账号已存在","data":null,"copyright":"Copyright 柠檬班 © 2017-2020 湖南省零檬信息技术有限公司 All Rights Reserved"}
[ INFO ]2020-08-23 12:14:18.018 method: com.api.utils.HttpUtils.printResponse(HttpUtils.java:215)-----  status :200
响应断言结果：true
sql语句为空
sql为空，不需要数据库断言
]]></system-out>
  </testcase>
  <testcase name="test" classname="com.api.cases.LoginCase" time="0.138">
    <failure message="expected [passed] but found [failed]" type="java.lang.AssertionError">java.lang.AssertionError: expected [passed] but found [failed]
	at com.api.cases.LoginCase.test(LoginCase.java:44)
</failure>
    <system-out><![CDATA[[ INFO ]2020-08-23 12:14:18.018 method: com.api.utils.HttpUtils.printResponse(HttpUtils.java:203)-----  headers :[Server: nginx/1.4.2, Date: Sun, 23 Aug 2020 04:14:19 GMT, Content-Type: application/json;charset=UTF-8, Transfer-Encoding: chunked, Connection: keep-alive]
[ INFO ]2020-08-23 12:14:18.018 method: com.api.utils.HttpUtils.printResponse(HttpUtils.java:207)-----  content-Type :[Content-Type: application/json;charset=UTF-8]
[ INFO ]2020-08-23 12:14:18.018 method: com.api.utils.HttpUtils.printResponse(HttpUtils.java:212)-----  body :{"code":1,"msg":"密码为空","data":null,"copyright":"Copyright 柠檬班 © 2017-2020 湖南省零檬信息技术有限公司 All Rights Reserved"}
[ INFO ]2020-08-23 12:14:18.018 method: com.api.utils.HttpUtils.printResponse(HttpUtils.java:215)-----  status :200
${token}:null
${member_id}:null
响应断言结果：false
]]></system-out>
  </testcase>
  <testcase name="test" classname="com.api.cases.LoginCase" time="0.097">
    <failure message="expected [passed] but found [failed]" type="java.lang.AssertionError">java.lang.AssertionError: expected [passed] but found [failed]
	at com.api.cases.LoginCase.test(LoginCase.java:44)
</failure>
    <system-out><![CDATA[[ INFO ]2020-08-23 12:14:18.018 method: com.api.utils.HttpUtils.printResponse(HttpUtils.java:203)-----  headers :[Server: nginx/1.4.2, Date: Sun, 23 Aug 2020 04:14:19 GMT, Content-Type: application/json;charset=UTF-8, Transfer-Encoding: chunked, Connection: keep-alive]
[ INFO ]2020-08-23 12:14:18.018 method: com.api.utils.HttpUtils.printResponse(HttpUtils.java:207)-----  content-Type :[Content-Type: application/json;charset=UTF-8]
[ INFO ]2020-08-23 12:14:18.018 method: com.api.utils.HttpUtils.printResponse(HttpUtils.java:212)-----  body :{"code":1,"msg":"手机号码为空","data":null,"copyright":"Copyright 柠檬班 © 2017-2020 湖南省零檬信息技术有限公司 All Rights Reserved"}
[ INFO ]2020-08-23 12:14:18.018 method: com.api.utils.HttpUtils.printResponse(HttpUtils.java:215)-----  status :200
${token}:null
${member_id}:null
响应断言结果：false
]]></system-out>
  </testcase>
  <testcase name="test" classname="com.api.cases.LoginCase" time="0.112">
    <failure message="expected [passed] but found [failed]" type="java.lang.AssertionError">java.lang.AssertionError: expected [passed] but found [failed]
	at com.api.cases.LoginCase.test(LoginCase.java:44)
</failure>
    <system-out><![CDATA[[ INFO ]2020-08-23 12:14:18.018 method: com.api.utils.HttpUtils.printResponse(HttpUtils.java:203)-----  headers :[Server: nginx/1.4.2, Date: Sun, 23 Aug 2020 04:14:19 GMT, Content-Type: application/json;charset=UTF-8, Transfer-Encoding: chunked, Connection: keep-alive]
[ INFO ]2020-08-23 12:14:18.018 method: com.api.utils.HttpUtils.printResponse(HttpUtils.java:207)-----  content-Type :[Content-Type: application/json;charset=UTF-8]
[ INFO ]2020-08-23 12:14:18.018 method: com.api.utils.HttpUtils.printResponse(HttpUtils.java:212)-----  body :{"code":1,"msg":"密码为空","data":null,"copyright":"Copyright 柠檬班 © 2017-2020 湖南省零檬信息技术有限公司 All Rights Reserved"}
[ INFO ]2020-08-23 12:14:18.018 method: com.api.utils.HttpUtils.printResponse(HttpUtils.java:215)-----  status :200
${token}:null
${member_id}:null
响应断言结果：false
]]></system-out>
  </testcase>
  <testcase name="test" classname="com.api.cases.LoginCase" time="0.165">
    <failure message="expected [passed] but found [failed]" type="java.lang.AssertionError">java.lang.AssertionError: expected [passed] but found [failed]
	at com.api.cases.LoginCase.test(LoginCase.java:44)
</failure>
    <system-out><![CDATA[[ INFO ]2020-08-23 12:14:18.018 method: com.api.utils.HttpUtils.printResponse(HttpUtils.java:203)-----  headers :[Server: nginx/1.4.2, Date: Sun, 23 Aug 2020 04:14:19 GMT, Content-Type: application/json;charset=UTF-8, Transfer-Encoding: chunked, Connection: keep-alive]
[ INFO ]2020-08-23 12:14:18.018 method: com.api.utils.HttpUtils.printResponse(HttpUtils.java:207)-----  content-Type :[Content-Type: application/json;charset=UTF-8]
[ INFO ]2020-08-23 12:14:18.018 method: com.api.utils.HttpUtils.printResponse(HttpUtils.java:212)-----  body :{"code":1001,"msg":"账号信息错误","data":null,"copyright":"Copyright 柠檬班 © 2017-2020 湖南省零檬信息技术有限公司 All Rights Reserved"}
[ INFO ]2020-08-23 12:14:18.018 method: com.api.utils.HttpUtils.printResponse(HttpUtils.java:215)-----  status :200
${token}:null
${member_id}:null
响应断言结果：false
]]></system-out>
  </testcase>
  <testcase name="test" classname="com.api.cases.LoginCase" time="0.169"/>
  <testcase name="test" classname="com.api.cases.RechargeCase" time="0.095">
    <failure message="expected [passed] but found [failed]" type="java.lang.AssertionError">java.lang.AssertionError: expected [passed] but found [failed]
	at com.api.cases.RechargeCase.test(RechargeCase.java:47)
</failure>
    <system-out><![CDATA[sql语句为空
Recharge token:eyJhbGciOiJIUzUxMiJ9.eyJtZW1iZXJfaWQiOjIxMDU0OTcsImV4cCI6MTU5ODE1NjM1OX0.8TFe5Q1ffbGTD6iTqfzQwpQq5Ce6L-9HHefSxktVh94qOZ06OeHP7Uy-jxs4mUKEDZ4vJacTZ_zWl_kswxybMg
[ INFO ]2020-08-23 12:14:19.019 method: com.api.utils.HttpUtils.printResponse(HttpUtils.java:203)-----  headers :[Server: nginx/1.4.2, Date: Sun, 23 Aug 2020 04:14:20 GMT, Content-Type: application/json;charset=UTF-8, Transfer-Encoding: chunked, Connection: keep-alive]
[ INFO ]2020-08-23 12:14:19.019 method: com.api.utils.HttpUtils.printResponse(HttpUtils.java:207)-----  content-Type :[Content-Type: application/json;charset=UTF-8]
[ INFO ]2020-08-23 12:14:19.019 method: com.api.utils.HttpUtils.printResponse(HttpUtils.java:212)-----  body :{"code":1007,"msg":"无权限访问，请检查参数","data":null,"copyright":"Copyright 柠檬班 © 2017-2020 湖南省零檬信息技术有限公司 All Rights Reserved"}
[ INFO ]2020-08-23 12:14:19.019 method: com.api.utils.HttpUtils.printResponse(HttpUtils.java:215)-----  status :200
响应断言结果：false
sql语句为空
sql为空，不需要数据库断言
]]></system-out>
  </testcase>
  <testcase name="test" classname="com.api.cases.RechargeCase" time="0.125">
    <failure message="expected [passed] but found [failed]" type="java.lang.AssertionError">java.lang.AssertionError: expected [passed] but found [failed]
	at com.api.cases.RechargeCase.test(RechargeCase.java:47)
</failure>
    <system-out><![CDATA[sql语句为空
Recharge token:eyJhbGciOiJIUzUxMiJ9.eyJtZW1iZXJfaWQiOjIxMDU0OTcsImV4cCI6MTU5ODE1NjM1OX0.8TFe5Q1ffbGTD6iTqfzQwpQq5Ce6L-9HHefSxktVh94qOZ06OeHP7Uy-jxs4mUKEDZ4vJacTZ_zWl_kswxybMg
[ INFO ]2020-08-23 12:14:19.019 method: com.api.utils.HttpUtils.printResponse(HttpUtils.java:203)-----  headers :[Server: nginx/1.4.2, Date: Sun, 23 Aug 2020 04:14:20 GMT, Content-Type: application/json;charset=UTF-8, Transfer-Encoding: chunked, Connection: keep-alive]
[ INFO ]2020-08-23 12:14:19.019 method: com.api.utils.HttpUtils.printResponse(HttpUtils.java:207)-----  content-Type :[Content-Type: application/json;charset=UTF-8]
[ INFO ]2020-08-23 12:14:19.019 method: com.api.utils.HttpUtils.printResponse(HttpUtils.java:212)-----  body :{"code":2,"msg":"余额必须大于0并且小于或者等于500000","data":null,"copyright":"Copyright 柠檬班 © 2017-2020 湖南省零檬信息技术有限公司 All Rights Reserved"}
[ INFO ]2020-08-23 12:14:19.019 method: com.api.utils.HttpUtils.printResponse(HttpUtils.java:215)-----  status :200
响应断言结果：false
sql语句为空
sql为空，不需要数据库断言
]]></system-out>
  </testcase>
  <testcase name="test" classname="com.api.cases.RechargeCase" time="0.106">
    <failure message="expected [passed] but found [failed]" type="java.lang.AssertionError">java.lang.AssertionError: expected [passed] but found [failed]
	at com.api.cases.RechargeCase.test(RechargeCase.java:47)
</failure>
    <system-out><![CDATA[sql语句为空
Recharge token:eyJhbGciOiJIUzUxMiJ9.eyJtZW1iZXJfaWQiOjIxMDU0OTcsImV4cCI6MTU5ODE1NjM1OX0.8TFe5Q1ffbGTD6iTqfzQwpQq5Ce6L-9HHefSxktVh94qOZ06OeHP7Uy-jxs4mUKEDZ4vJacTZ_zWl_kswxybMg
[ INFO ]2020-08-23 12:14:19.019 method: com.api.utils.HttpUtils.printResponse(HttpUtils.java:203)-----  headers :[Server: nginx/1.4.2, Date: Sun, 23 Aug 2020 04:14:20 GMT, Content-Type: application/json;charset=UTF-8, Transfer-Encoding: chunked, Connection: keep-alive]
[ INFO ]2020-08-23 12:14:19.019 method: com.api.utils.HttpUtils.printResponse(HttpUtils.java:207)-----  content-Type :[Content-Type: application/json;charset=UTF-8]
[ INFO ]2020-08-23 12:14:19.019 method: com.api.utils.HttpUtils.printResponse(HttpUtils.java:212)-----  body :{"code":2,"msg":"余额必须大于0并且小于或者等于500000","data":null,"copyright":"Copyright 柠檬班 © 2017-2020 湖南省零檬信息技术有限公司 All Rights Reserved"}
[ INFO ]2020-08-23 12:14:19.019 method: com.api.utils.HttpUtils.printResponse(HttpUtils.java:215)-----  status :200
响应断言结果：false
sql语句为空
sql为空，不需要数据库断言
]]></system-out>
  </testcase>
  <testcase name="test" classname="com.api.cases.RechargeCase" time="0.109">
    <failure message="expected [passed] but found [failed]" type="java.lang.AssertionError">java.lang.AssertionError: expected [passed] but found [failed]
	at com.api.cases.RechargeCase.test(RechargeCase.java:47)
</failure>
    <system-out><![CDATA[sql语句为空
Recharge token:eyJhbGciOiJIUzUxMiJ9.eyJtZW1iZXJfaWQiOjIxMDU0OTcsImV4cCI6MTU5ODE1NjM1OX0.8TFe5Q1ffbGTD6iTqfzQwpQq5Ce6L-9HHefSxktVh94qOZ06OeHP7Uy-jxs4mUKEDZ4vJacTZ_zWl_kswxybMg
[ INFO ]2020-08-23 12:14:19.019 method: com.api.utils.HttpUtils.printResponse(HttpUtils.java:203)-----  headers :[Server: nginx/1.4.2, Date: Sun, 23 Aug 2020 04:14:20 GMT, Content-Type: application/json;charset=UTF-8, Transfer-Encoding: chunked, Connection: keep-alive]
[ INFO ]2020-08-23 12:14:19.019 method: com.api.utils.HttpUtils.printResponse(HttpUtils.java:207)-----  content-Type :[Content-Type: application/json;charset=UTF-8]
[ INFO ]2020-08-23 12:14:19.019 method: com.api.utils.HttpUtils.printResponse(HttpUtils.java:212)-----  body :{"code":2,"msg":"余额必须为数值型","data":null,"copyright":"Copyright 柠檬班 © 2017-2020 湖南省零檬信息技术有限公司 All Rights Reserved"}
[ INFO ]2020-08-23 12:14:19.019 method: com.api.utils.HttpUtils.printResponse(HttpUtils.java:215)-----  status :200
响应断言结果：false
sql语句为空
sql为空，不需要数据库断言
]]></system-out>
  </testcase>
  <testcase name="test" classname="com.api.cases.RechargeCase" time="1.319"/>
  <testcase name="test" classname="com.api.cases.AddCase" time="0.129">
    <failure message="expected [passed] but found [failed]" type="java.lang.AssertionError">java.lang.AssertionError: expected [passed] but found [failed]
	at com.api.cases.AddCase.test(AddCase.java:44)
</failure>
    <system-out><![CDATA[Recharge token:eyJhbGciOiJIUzUxMiJ9.eyJtZW1iZXJfaWQiOjIxMDU0OTcsImV4cCI6MTU5ODE1NjM1OX0.8TFe5Q1ffbGTD6iTqfzQwpQq5Ce6L-9HHefSxktVh94qOZ06OeHP7Uy-jxs4mUKEDZ4vJacTZ_zWl_kswxybMg
[ INFO ]2020-08-23 12:14:21.021 method: com.api.utils.HttpUtils.printResponse(HttpUtils.java:203)-----  headers :[Server: nginx/1.4.2, Date: Sun, 23 Aug 2020 04:14:21 GMT, Content-Type: application/json;charset=UTF-8, Transfer-Encoding: chunked, Connection: keep-alive]
[ INFO ]2020-08-23 12:14:21.021 method: com.api.utils.HttpUtils.printResponse(HttpUtils.java:207)-----  content-Type :[Content-Type: application/json;charset=UTF-8]
[ INFO ]2020-08-23 12:14:21.021 method: com.api.utils.HttpUtils.printResponse(HttpUtils.java:212)-----  body :{"code":1004,"msg":"JSON parse error: Unexpected character ('ï' (code 239)): was expecting comma to separate Object entries; nested exception is com.fasterxml.jackson.core.JsonParseException: Unexpected character ('ï' (code 239)): was expecting comma to separate Object entries\n at [Source: (PushbackInputStream); line: 1, column: 66]","data":null,"copyright":"Copyright 柠檬班 © 2017-2020 湖南省零檬信息技术有限公司 All Rights Reserved"}
[ INFO ]2020-08-23 12:14:21.021 method: com.api.utils.HttpUtils.printResponse(HttpUtils.java:215)-----  status :200
${loan_id}:null
响应断言结果：false
]]></system-out>
  </testcase>
  <testcase name="test" classname="com.api.cases.AdminLoginCase" time="0.179">
    <failure message="expected [passed] but found [failed]" type="java.lang.AssertionError">java.lang.AssertionError: expected [passed] but found [failed]
	at com.api.cases.AdminLoginCase.test(AdminLoginCase.java:41)
</failure>
    <system-out><![CDATA[[ INFO ]2020-08-23 12:14:21.021 method: com.api.utils.HttpUtils.printResponse(HttpUtils.java:203)-----  headers :[Server: nginx/1.4.2, Date: Sun, 23 Aug 2020 04:14:22 GMT, Content-Type: application/json;charset=UTF-8, Transfer-Encoding: chunked, Connection: keep-alive]
[ INFO ]2020-08-23 12:14:21.021 method: com.api.utils.HttpUtils.printResponse(HttpUtils.java:207)-----  content-Type :[Content-Type: application/json;charset=UTF-8]
[ INFO ]2020-08-23 12:14:21.021 method: com.api.utils.HttpUtils.printResponse(HttpUtils.java:212)-----  body :{"code":0,"msg":"OK","data":{"id":2105267,"leave_amount":8000.0,"mobile_phone":"13322222222","reg_name":"小柠檬","reg_time":"2020-08-22 23:47:00.0","type":0,"token_info":{"token_type":"Bearer","expires_in":"2020-08-23 12:19:22","token":"eyJhbGciOiJIUzUxMiJ9.eyJtZW1iZXJfaWQiOjIxMDUyNjcsImV4cCI6MTU5ODE1NjM2Mn0.ePEO_W5Q5wUcIc1dGwY6hq5p1BdflHqvMDozyG5omTFiCC-QxzvL55aQq-ps_Nv1ebbZXewF2pe7l_FhpH-cZg"}},"copyright":"Copyright 柠檬班 © 2017-2020 湖南省零檬信息技术有限公司 All Rights Reserved"}
[ INFO ]2020-08-23 12:14:21.021 method: com.api.utils.HttpUtils.printResponse(HttpUtils.java:215)-----  status :200
${token}:eyJhbGciOiJIUzUxMiJ9.eyJtZW1iZXJfaWQiOjIxMDUyNjcsImV4cCI6MTU5ODE1NjM2Mn0.ePEO_W5Q5wUcIc1dGwY6hq5p1BdflHqvMDozyG5omTFiCC-QxzvL55aQq-ps_Nv1ebbZXewF2pe7l_FhpH-cZg
${member_id}:2105267
响应断言结果：false
]]></system-out>
  </testcase>
  <testcase name="test" classname="com.api.cases.AuditCase" time="0.097">
    <failure message="expected [passed] but found [failed]" type="java.lang.AssertionError">java.lang.AssertionError: expected [passed] but found [failed]
	at com.api.cases.AuditCase.test(AuditCase.java:44)
</failure>
    <system-out><![CDATA[Recharge token:eyJhbGciOiJIUzUxMiJ9.eyJtZW1iZXJfaWQiOjIxMDUyNjcsImV4cCI6MTU5ODE1NjM2Mn0.ePEO_W5Q5wUcIc1dGwY6hq5p1BdflHqvMDozyG5omTFiCC-QxzvL55aQq-ps_Nv1ebbZXewF2pe7l_FhpH-cZg
[ INFO ]2020-08-23 12:14:21.021 method: com.api.utils.HttpUtils.printResponse(HttpUtils.java:203)-----  headers :[Server: nginx/1.4.2, Date: Sun, 23 Aug 2020 04:14:22 GMT, Content-Type: application/json;charset=UTF-8, Transfer-Encoding: chunked, Connection: keep-alive]
[ INFO ]2020-08-23 12:14:21.021 method: com.api.utils.HttpUtils.printResponse(HttpUtils.java:207)-----  content-Type :[Content-Type: application/json;charset=UTF-8]
[ INFO ]2020-08-23 12:14:21.021 method: com.api.utils.HttpUtils.printResponse(HttpUtils.java:212)-----  body :{"code":1004,"msg":"JSON parse error: Unrecognized token '$': was expecting ('true', 'false' or 'null'); nested exception is com.fasterxml.jackson.core.JsonParseException: Unrecognized token '$': was expecting ('true', 'false' or 'null')\n at [Source: (PushbackInputStream); line: 1, column: 14]","data":null,"copyright":"Copyright 柠檬班 © 2017-2020 湖南省零檬信息技术有限公司 All Rights Reserved"}
[ INFO ]2020-08-23 12:14:21.021 method: com.api.utils.HttpUtils.printResponse(HttpUtils.java:215)-----  status :200
响应断言结果：false
]]></system-out>
  </testcase>
  <testcase name="test" classname="com.api.cases.InvestCase" time="0.129">
    <failure message="expected [passed] but found [failed]" type="java.lang.AssertionError">java.lang.AssertionError: expected [passed] but found [failed]
	at com.api.cases.InvestCase.test(InvestCase.java:44)
</failure>
    <system-out><![CDATA[Recharge token:eyJhbGciOiJIUzUxMiJ9.eyJtZW1iZXJfaWQiOjIxMDUyNjcsImV4cCI6MTU5ODE1NjM2Mn0.ePEO_W5Q5wUcIc1dGwY6hq5p1BdflHqvMDozyG5omTFiCC-QxzvL55aQq-ps_Nv1ebbZXewF2pe7l_FhpH-cZg
[ INFO ]2020-08-23 12:14:21.021 method: com.api.utils.HttpUtils.printResponse(HttpUtils.java:203)-----  headers :[Server: nginx/1.4.2, Date: Sun, 23 Aug 2020 04:14:22 GMT, Content-Type: application/json;charset=UTF-8, Transfer-Encoding: chunked, Connection: keep-alive]
[ INFO ]2020-08-23 12:14:21.021 method: com.api.utils.HttpUtils.printResponse(HttpUtils.java:207)-----  content-Type :[Content-Type: application/json;charset=UTF-8]
[ INFO ]2020-08-23 12:14:21.021 method: com.api.utils.HttpUtils.printResponse(HttpUtils.java:212)-----  body :{"code":1004,"msg":"JSON parse error: Unrecognized token '$': was expecting ('true', 'false' or 'null'); nested exception is com.fasterxml.jackson.core.JsonParseException: Unrecognized token '$': was expecting ('true', 'false' or 'null')\n at [Source: (PushbackInputStream); line: 1, column: 36]","data":null,"copyright":"Copyright 柠檬班 © 2017-2020 湖南省零檬信息技术有限公司 All Rights Reserved"}
[ INFO ]2020-08-23 12:14:21.021 method: com.api.utils.HttpUtils.printResponse(HttpUtils.java:215)-----  status :200
响应断言结果：false
]]></system-out>
  </testcase>
</testsuite>