<?xml version="1.0" encoding="UTF-8"?>
<!-- Generated by org.testng.reporters.JUnitXMLReporter -->
<testsuite hostname="LAPTOP-EGH5GRK4" ignored="0" name="管理员登录接口" tests="1" failures="1" timestamp="23 八月 2020 04:14:21 GMT" time="0.302" errors="0">
  <testcase name="test" time="0.173" classname="com.api.cases.AdminLoginCase">
    <failure type="java.lang.AssertionError" message="expected [passed] but found [failed]">
      <![CDATA[java.lang.AssertionError: expected [passed] but found [failed]
at com.api.cases.AdminLoginCase.test(AdminLoginCase.java:41)
... Removed 35 stack frames]]>
    </failure>
  </testcase> <!-- test -->
</testsuite> <!-- 管理员登录接口 -->
